<?xml version="1.0" encoding="UTF-8"?>
<!-- Generated by org.testng.reporters.JUnitXMLReporter -->
<testsuite hostname="WKWIN0290104" ignored="0" name="Coding Round1" tests="3" failures="0" timestamp="26 Apr 2018 05:12:13 GMT" time="58.265" errors="0">
  <testcase name="testThatResultsAppearForAOneWayJourney" time="24.362" classname="testcoding.FlightBookingTest"/>
  <testcase name="shouldThrowAnErrorIfSignInDetailsAreMissing" time="16.203" classname="testcoding.SignInTest"/>
  <testcase name="shouldBeAbleToSearchForHotels" time="17.667" classname="testcoding.HotelBookingTest"/>
</testsuite> <!-- Coding Round1 -->
